 
 
 
YELLOW_FONT
WHITE_FONT
WHITE_FONT
YELLOW_FONT
CYAN_FONT
BLACK_FONT
RED_FONT
RED_FONT
CYAN_FONT
MAGENTA_FONT
BLACK_FONT
BLACK_FONT
BLACK_FONT
BLACK_FONT
BLACK_FONT
WHITE_FONT
WHITE_FONT
WHITE_FONT
CYAN_FONT
BLACK_FONT
BLACK_FONT
BLACK_FONT
BLACK_FONT
BLACK_FONT
BLACK_FONT
WHITE_FONT
WHITE_FONT
GREEN_FONT
MAGENTA_FONT
BLACK_FONT
BLACK_FONT
BLACK_FONT
BLACK_FONT
BLACK_FONT
BLACK_FONT
WHITE_FONT
GREEN_FONT
MAGENTA_FONT
BLACK_FONT
BLACK_FONT
BLACK_FONT
BLACK_FONT
BLACK_FONT
BLACK_FONT
MAGENTA_FONT
CYAN_FONT
CYAN_FONT
BLACK_FONT
BLACK_FONT
CYAN_FONT
CYAN_FONT
BLACK_FONT
CYAN_FONT
CYAN_FONT
CYAN_FONT
CYAN_FONT
BLACK_FONT
CYAN_FONT
BLACK_FONT
CYAN_FONT
